<?xml version="1.0" encoding="UTF-8" ?>
<testsuites errors="0"
            failures="1"
            tests="1">

  <testsuite name="firstTest"
    errors="0" failures="1" hostname="" id="" package="firstTest" skipped="1"
    tests="1" time="5.264" timestamp="">
  
    <testcase name="Step one: navigate to ecosia.org" classname="firstTest" time="5.264" assertions="2">

      <failure message="Testing if the page title contains [0;33m&#39;Ecosia&#39;[0m in 5000ms - expected [0;32m&#34;contains &#39;Ecosia&#39;&#34;[0m but got: [0;31m&#34;www.ecosia.org&#34;[0m [0;90m(5079ms)[0m">    at Object.Step one: navigate to ecosia.org (C:\xampp\htdocs\intro-nightwatch\tests\firstTest.js:6:21)
    at processTicksAndRejections (internal/process/task_queues.js:97:5)</failure>

    
      <failure message="    at Object.Step one: navigate to ecosia.org (C:\xampp\htdocs\intro-nightwatch\tests\firstTest.js:6:21)">    at processTicksAndRejections (internal/process/task_queues.js:97:5)</failure>
    </testcase>
  

  

  
    
    <testcase
      name="Step two: navigate to facebook.com" classname="firstTest">
      <skipped />
    </testcase>
    
  
  </testsuite>
</testsuites>
